[2025-06-17 22:02:07][INFO] User 2 started quiz ID 1
[2025-06-17 22:02:10][INFO] User 2 started quiz ID 1
[2025-06-17 22:06:42][INFO] Quiz deleted successfully by User 2
[2025-06-17 22:10:51][INFO] Question added successfully by User 2
[2025-06-17 22:11:01][INFO] User 2 started quiz ID 9
[2025-06-17 22:11:04][INFO] User 2 started quiz ID 9
[2025-06-17 22:12:45][INFO] User 2 started quiz ID 9
[2025-06-17 22:12:52][ERROR] Quiz deleted successfully by User 2
[2025-06-17 22:13:43][INFO] User 2 started quiz ID 10
[2025-06-17 22:13:45][INFO] User 2 started quiz ID 10
[2025-06-17 22:25:59][INFO] Admin changed role for user ID 3 to moderator
[2025-06-17 22:26:09][INFO] Admin changed role for user ID 3 to user
[2025-06-17 22:27:13][INFO] Admin changed role for user ID 3 to moderator
[2025-06-17 22:29:56][INFO] User 4 started quiz ID 1
[2025-06-17 22:30:01][INFO] User 4 started quiz ID 1
[2025-06-17 22:30:13][WARNING] Invalid login attempt for User 
[2025-06-17 22:32:37][WARNING] Invalid login attempt for User 
[2025-06-17 22:34:22][WARNING] Invalid login attempt
[2025-06-17 22:59:14][WARNING] Quiz deleted successfully by User 3
[2025-06-17 23:00:22][WARNING] Admin deleted user ID 4
